<?xml version="1.0" encoding="UTF-8" standalone="no"?>
<testsuite failures="1" name="cucumber.runtime.formatter.JUnitFormatter" skipped="0" tests="1" time="10.334505">
<testcase classname="Validation of Login Page in Linkedin web Application" name="LK01_Validation of Login Page with valid username and password" time="10.334505">
<failure message="cucumber.runtime.CucumberException: Step [User enters valid username and password] is defined with 0 parameters at 'com.step.StepLk.user_enters_valid_username_and_password() in file:/C:/Users/PRIYA/eclipse-workspace/Cucumber/target/test-classes/'.&#10;However, the gherkin step has 1 arguments:&#10; * Table:&#10;      | bala           |&#10;      | mani@gmail.com |&#10;      | java           |&#10;&#10;Step text: User enters valid username and password&#13;&#10;&#9;at cucumber.runner.PickleStepDefinitionMatch.arityMismatch(PickleStepDefinitionMatch.java:84)&#13;&#10;&#9;at cucumber.runner.PickleStepDefinitionMatch.runStep(PickleStepDefinitionMatch.java:36)&#13;&#10;&#9;at cucumber.runner.TestStep.executeStep(TestStep.java:65)&#13;&#10;&#9;at cucumber.runner.TestStep.run(TestStep.java:50)&#13;&#10;&#9;at cucumber.runner.PickleStepTestStep.run(PickleStepTestStep.java:43)&#13;&#10;&#9;at cucumber.runner.TestCase.run(TestCase.java:46)&#13;&#10;&#9;at cucumber.runner.Runner.runPickle(Runner.java:50)&#13;&#10;&#9;at io.cucumber.junit.PickleRunners$NoStepDescriptions.run(PickleRunners.java:146)&#13;&#10;&#9;at io.cucumber.junit.FeatureRunner.runChild(FeatureRunner.java:68)&#13;&#10;&#9;at io.cucumber.junit.FeatureRunner.runChild(FeatureRunner.java:23)&#13;&#10;&#9;at org.junit.runners.ParentRunner$3.run(ParentRunner.java:290)&#13;&#10;&#9;at org.junit.runners.ParentRunner$1.schedule(ParentRunner.java:71)&#13;&#10;&#9;at org.junit.runners.ParentRunner.runChildren(ParentRunner.java:288)&#13;&#10;&#9;at org.junit.runners.ParentRunner.access$000(ParentRunner.java:58)&#13;&#10;&#9;at org.junit.runners.ParentRunner$2.evaluate(ParentRunner.java:268)&#13;&#10;&#9;at org.junit.runners.ParentRunner.run(ParentRunner.java:363)&#13;&#10;&#9;at io.cucumber.junit.Cucumber.runChild(Cucumber.java:144)&#13;&#10;&#9;at io.cucumber.junit.Cucumber.runChild(Cucumber.java:65)&#13;&#10;&#9;at org.junit.runners.ParentRunner$3.run(ParentRunner.java:290)&#13;&#10;&#9;at org.junit.runners.ParentRunner$1.schedule(ParentRunner.java:71)&#13;&#10;&#9;at org.junit.runners.ParentRunner.runChildren(ParentRunner.java:288)&#13;&#10;&#9;at org.junit.runners.ParentRunner.access$000(ParentRunner.java:58)&#13;&#10;&#9;at org.junit.runners.ParentRunner$2.evaluate(ParentRunner.java:268)&#13;&#10;&#9;at io.cucumber.junit.Cucumber$RunCucumber.evaluate(Cucumber.java:174)&#13;&#10;&#9;at org.junit.internal.runners.statements.RunAfters.evaluate(RunAfters.java:27)&#13;&#10;&#9;at org.junit.runners.ParentRunner.run(ParentRunner.java:363)&#13;&#10;&#9;at org.eclipse.jdt.internal.junit4.runner.JUnit4TestReference.run(JUnit4TestReference.java:86)&#13;&#10;&#9;at org.eclipse.jdt.internal.junit.runner.TestExecution.run(TestExecution.java:38)&#13;&#10;&#9;at org.eclipse.jdt.internal.junit.runner.RemoteTestRunner.runTests(RemoteTestRunner.java:538)&#13;&#10;&#9;at org.eclipse.jdt.internal.junit.runner.RemoteTestRunner.runTests(RemoteTestRunner.java:760)&#13;&#10;&#9;at org.eclipse.jdt.internal.junit.runner.RemoteTestRunner.run(RemoteTestRunner.java:460)&#13;&#10;&#9;at org.eclipse.jdt.internal.junit.runner.RemoteTestRunner.main(RemoteTestRunner.java:206)&#13;&#10;"><![CDATA[Given User launch Linkedin Web Application..................................passed
When User enters valid username and password................................failed
And User Clicks Login Button................................................skipped
Then User verify Home Page is displayed.....................................skipped

StackTrace:
cucumber.runtime.CucumberException: Step [User enters valid username and password] is defined with 0 parameters at 'com.step.StepLk.user_enters_valid_username_and_password() in file:/C:/Users/PRIYA/eclipse-workspace/Cucumber/target/test-classes/'.
However, the gherkin step has 1 arguments:
 * Table:
      | bala           |
      | mani@gmail.com |
      | java           |

Step text: User enters valid username and password
	at cucumber.runner.PickleStepDefinitionMatch.arityMismatch(PickleStepDefinitionMatch.java:84)
	at cucumber.runner.PickleStepDefinitionMatch.runStep(PickleStepDefinitionMatch.java:36)
	at cucumber.runner.TestStep.executeStep(TestStep.java:65)
	at cucumber.runner.TestStep.run(TestStep.java:50)
	at cucumber.runner.PickleStepTestStep.run(PickleStepTestStep.java:43)
	at cucumber.runner.TestCase.run(TestCase.java:46)
	at cucumber.runner.Runner.runPickle(Runner.java:50)
	at io.cucumber.junit.PickleRunners$NoStepDescriptions.run(PickleRunners.java:146)
	at io.cucumber.junit.FeatureRunner.runChild(FeatureRunner.java:68)
	at io.cucumber.junit.FeatureRunner.runChild(FeatureRunner.java:23)
	at org.junit.runners.ParentRunner$3.run(ParentRunner.java:290)
	at org.junit.runners.ParentRunner$1.schedule(ParentRunner.java:71)
	at org.junit.runners.ParentRunner.runChildren(ParentRunner.java:288)
	at org.junit.runners.ParentRunner.access$000(ParentRunner.java:58)
	at org.junit.runners.ParentRunner$2.evaluate(ParentRunner.java:268)
	at org.junit.runners.ParentRunner.run(ParentRunner.java:363)
	at io.cucumber.junit.Cucumber.runChild(Cucumber.java:144)
	at io.cucumber.junit.Cucumber.runChild(Cucumber.java:65)
	at org.junit.runners.ParentRunner$3.run(ParentRunner.java:290)
	at org.junit.runners.ParentRunner$1.schedule(ParentRunner.java:71)
	at org.junit.runners.ParentRunner.runChildren(ParentRunner.java:288)
	at org.junit.runners.ParentRunner.access$000(ParentRunner.java:58)
	at org.junit.runners.ParentRunner$2.evaluate(ParentRunner.java:268)
	at io.cucumber.junit.Cucumber$RunCucumber.evaluate(Cucumber.java:174)
	at org.junit.internal.runners.statements.RunAfters.evaluate(RunAfters.java:27)
	at org.junit.runners.ParentRunner.run(ParentRunner.java:363)
	at org.eclipse.jdt.internal.junit4.runner.JUnit4TestReference.run(JUnit4TestReference.java:86)
	at org.eclipse.jdt.internal.junit.runner.TestExecution.run(TestExecution.java:38)
	at org.eclipse.jdt.internal.junit.runner.RemoteTestRunner.runTests(RemoteTestRunner.java:538)
	at org.eclipse.jdt.internal.junit.runner.RemoteTestRunner.runTests(RemoteTestRunner.java:760)
	at org.eclipse.jdt.internal.junit.runner.RemoteTestRunner.run(RemoteTestRunner.java:460)
	at org.eclipse.jdt.internal.junit.runner.RemoteTestRunner.main(RemoteTestRunner.java:206)
]]></failure>
</testcase>
</testsuite>
